<?xml version="1.0" encoding="UTF-8" ?>
<testsuite errors="0" failures="1" hostname="paric27" name="mainlibrary.TransBookDaoTest" skipped="0" tests="16" time="0.471" timestamp="2018-04-06T10:06:12">
  <properties>
    <property name="default.javac.source" value="1.8" />
    <property name="file.encoding.pkg" value="sun.io" />
    <property name="javac.source" value="1.8" />
    <property name="testng.debug.mode" value="" />
    <property name="java.home" value="/usr/lib/jvm/java-8-openjdk-amd64/jre" />
    <property name="libs.eclipselinkmodelgen.classpath" value="/usr/share/netbeans/8.1/java/modules/ext/eclipselink/org.eclipse.persistence.jpa.modelgen_2.5.2.v20140319-9ad6abd.jar" />
    <property name="test.src.dir" value="test" />
    <property name="libs.JAXB-ENDORSED.javadoc" value="" />
    <property name="sun.java2d.dpiaware" value="true" />
    <property name="javadoc.version" value="false" />
    <property name="libs.CopyLibs.classpath" value="/usr/share/netbeans/8.1/java/ant/extra/org-netbeans-modules-java-j2seproject-copylibstask.jar" />
    <property name="libs.javac-api.src" value="" />
    <property name="sun.font.fontmanager" value="sun.awt.X11FontManager" />
    <property name="java.endorsed.dirs" value="/usr/lib/jvm/java-8-openjdk-amd64/jre/lib/endorsed" />
    <property name="libs.MySQLDriver.classpath" value="/usr/share/netbeans/8.1/ide/modules/ext/mysql-connector-java-5.1.23-bin.jar" />
    <property name="libs.PostgreSQLDriver.src" value="" />
    <property name="src.dir" value="src" />
    <property name="sun.java2d.noddraw" value="true" />
    <property name="debug-args-line" value="-Xdebug" />
    <property name="netbeans.hash.code" value="unique=NBUBU0600f6086-8212-46e1-9ee2-42b5e8f39444_24691ce3-a2c1-44d6-8222-aabc813ad559" />
    <property name="build.sysclasspath" value="ignore" />
    <property name="have.sources" value="true" />
    <property name="includes" value="**" />
    <property name="javac.fork" value="true" />
    <property name="source.encoding" value="UTF-8" />
    <property name="sun.os.patch.level" value="unknown" />
    <property name="java.vendor.url" value="http://java.oracle.com/" />
    <property name="java.version" value="1.8.0_151" />
    <property name="nb.show.statistics.ui" value="usageStatisticsEnabled" />
    <property name="libs.testng.src" value="" />
    <property name="javac.debug" value="true" />
    <property name="netbeans.running.environment" value="gnome" />
    <property name="org.openide.major.version" value="IDE/1" />
    <property name="libs.JAXB-ENDORSED.classpath" value="" />
    <property name="run.classpath" value="../../Desktop/new/mysql-connector-java-5.1.40/mysql-connector-java-5.1.40-bin.jar:/home/bikash/Desktop/Programs/DBMS/PROJECTDBMS/mysql-connector-java-5.1.40/mysql-connector-java-5.1.40-bin.jar:MySQL Connector/mysql-connector-java-5.1.40-bin.jar:build/classes" />
    <property name="libs.PostgreSQLDriver.maven-pom" value="" />
    <property name="java.vendor.url.bug" value="http://bugreport.sun.com/bugreport/" />
    <property name="netbeans.autoupdate.variant" value="" />
    <property name="libs.eclipselink.javadoc" value="" />
    <property name="socksProxyPort" value="8080" />
    <property name="libs.absolutelayout.javadoc" value="" />
    <property name="libs.junit_4.maven-pom" value="" />
    <property name="netbeans.buildnumber" value="20151231-debian-8.1" />
    <property name="ant.project.invoked-targets" value="test-single" />
    <property name="file.reference.mysql-connector-java-5.1.40-bin.jar-2" value="MySQL Connector/mysql-connector-java-5.1.40-bin.jar" />
    <property name="file.reference.mysql-connector-java-5.1.40-bin.jar-1" value="/home/bikash/Desktop/Programs/DBMS/PROJECTDBMS/mysql-connector-java-5.1.40/mysql-connector-java-5.1.40-bin.jar" />
    <property name="annotation.processing.run.all.processors" value="true" />
    <property name="manifest.file" value="manifest.mf" />
    <property name="user.name" value="vedic" />
    <property name="libs.testng.maven-pom" value="" />
    <property name="libs.eclipselinkmodelgen.src" value="" />
    <property name="empty.dir" value="/home/vedic/Desktop/desktop/LibraryInfSystem/build/empty" />
    <property name="sun.io.unicode.encoding" value="UnicodeLittle" />
    <property name="sun.jnu.encoding" value="UTF-8" />
    <property name="java.runtime.name" value="OpenJDK Runtime Environment" />
    <property name="sun.java2d.pmoffscreen" value="false" />
    <property name="jdk.home" value="/usr/lib/jvm/java-8-openjdk-amd64" />
    <property name="libs.hamcrest.maven-pom" value="" />
    <property name="netbeans.autoupdate.version" value="1.23" />
    <property name="netbeans.dirs" value="/usr/share/netbeans/8.1/nb:/usr/share/netbeans/8.1/ergonomics:/usr/share/netbeans/8.1/ide:/usr/share/netbeans/8.1/extide:/usr/share/netbeans/8.1/java:/usr/share/netbeans/8.1/apisupport:/usr/share/netbeans/8.1/webcommon:/usr/share/netbeans/8.1/websvccommon:/usr/share/netbeans/8.1/enterprise:/usr/share/netbeans/8.1/mobility:/usr/share/netbeans/8.1/profiler:/usr/share/netbeans/8.1/python:/usr/share/netbeans/8.1/php:/usr/share/netbeans/8.1/identity:/usr/share/netbeans/8.1/harness:/usr/share/netbeans/8.1/cnd:/usr/share/netbeans/8.1/cndext:/usr/share/netbeans/8.1/dlight:/usr/share/netbeans/8.1/groovy:/usr/share/netbeans/8.1/extra:/usr/share/netbeans/8.1/javacard:/usr/share/netbeans/8.1/javafx:" />
    <property name="main.class.available" value="true" />
    <property name="java.specification.name" value="Java Platform API Specification" />
    <property name="sun.awt.datatransfer.timeout" value="1000" />
    <property name="javadoc.author" value="false" />
    <property name="ap.proc.none.internal" value="" />
    <property name="user.timezone" value="" />
    <property name="nb.native.filechooser" value="false" />
    <property name="manifest.available" value="true" />
    <property name="libs.swing-layout.maven-pom" value="" />
    <property name="org.openide.specification.version" value="6.2" />
    <property name="path.separator" value=":" />
    <property name="testng.mode" value="testng" />
    <property name="version-output" value="java version &quot;1.8" />
    <property name="libs.absolutelayout.classpath" value="/usr/share/netbeans/8.1/java/modules/ext/AbsoluteLayout.jar" />
    <property name="file.encoding" value="UTF-8" />
    <property name="libs.eclipselink.src" value="" />
    <property name="dist.javadoc.dir" value="dist/javadoc" />
    <property name="ant.project.default-target" value="default" />
    <property name="javac.profile.cmd.line.arg" value="" />
    <property name="libs.JAXB-ENDORSED.src" value="" />
    <property name="sun.java.command" value="org.apache.tools.ant.taskdefs.optional.junit.JUnitTestRunner mainlibrary.TransBookDaoTest skipNonTests=false filtertrace=true haltOnError=false haltOnFailure=false showoutput=true outputtoformatters=true logfailedtests=true threadid=0 logtestlistenerevents=true formatter=org.apache.tools.ant.taskdefs.optional.junit.BriefJUnitResultFormatter formatter=org.apache.tools.ant.taskdefs.optional.junit.XMLJUnitResultFormatter,/home/vedic/Desktop/desktop/LibraryInfSystem/build/test/results/TEST-mainlibrary.TransBookDaoTest.xml crashfile=/home/vedic/Desktop/desktop/LibraryInfSystem/build/junitvmwatcher5852200312363248470.properties propsfile=/home/vedic/Desktop/desktop/LibraryInfSystem/build/junit4763378896373292703.properties" />
    <property name="https.nonProxyHosts" value="localhost|127.0.0.0/8|::1" />
    <property name="built-jar.properties" value="/home/vedic/Desktop/desktop/LibraryInfSystem/build/built-jar.properties" />
    <property name="ant.junit.enabletestlistenerevents" value="true" />
    <property name="ant.file" value="/home/vedic/Desktop/desktop/LibraryInfSystem/build.xml" />
    <property name="libs.junit_4.src" value="" />
    <property name="libs.hamcrest.src" value="" />
    <property name="junit.available" value="true" />
    <property name="netbeans.autoupdate.language" value="en" />
    <property name="java.io.tmpdir" value="/tmp" />
    <property name="build.test.results.dir" value="build/test/results" />
    <property name="user.language" value="en" />
    <property name="libs.jpa20-persistence.classpath" value="/usr/share/netbeans/8.1/java/modules/ext/eclipselink/javax.persistence_2.1.0.v201304241213.jar" />
    <property name="line.separator" value="&#xa;" />
    <property name="apple.laf.useScreenMenuBar" value="true" />
    <property name="libs.absolutelayout.src" value="" />
    <property name="file.reference.mysql-connector-java-5.1.40-bin.jar" value="../../Desktop/new/mysql-connector-java-5.1.40/mysql-connector-java-5.1.40-bin.jar" />
    <property name="ant.file.type.DBMSLIb-impl" value="file" />
    <property name="javac.compilerargs" value="" />
    <property name="socksProxyHost" value="172.16.2.30" />
    <property name="ant.file.DBMSLIb" value="/home/vedic/Desktop/desktop/LibraryInfSystem/build.xml" />
    <property name="jar.compress" value="false" />
    <property name="debug-transport-by-os" value="dt_socket" />
    <property name="libs.JWSAntTasks.src" value="" />
    <property name="java.vm.info" value="mixed mode" />
    <property name="libs.javac-api.maven-pom" value="" />
    <property name="javadoc.private" value="false" />
    <property name="annotation.processing.processors.list" value="" />
    <property name="sun.desktop" value="gnome" />
    <property name="java.vm.specification.name" value="Java Virtual Machine Specification" />
    <property name="build.test.classes.dir" value="build/test/classes" />
    <property name="ant.file.type.DBMSLIb" value="file" />
    <property name="libs.MySQLDriver.javadoc" value="" />
    <property name="test.binaryexcludes" value="" />
    <property name="netbeans.dynamic.classpath" value="/usr/share/netbeans/8.1/platform/core/org-openide-filesystems-compat8.jar:/usr/share/netbeans/8.1/platform/core/core.jar:/usr/share/netbeans/8.1/platform/core/core-base.jar:/usr/share/netbeans/8.1/platform/core/org-netbeans-libs-asm.jar:/usr/share/netbeans/8.1/platform/core/org-openide-filesystems.jar:/usr/share/netbeans/8.1/platform/core/asm-all-5.0.1.jar:/usr/share/netbeans/8.1/nb/core/org-netbeans-upgrader.jar:/usr/share/netbeans/8.1/nb/core/locale/core_nb.jar" />
    <property name="libs.beans-binding.javadoc" value="" />
    <property name="platform.active" value="default_platform" />
    <property name="ap.cmd.line.internal" value="" />
    <property name="javac.includes.binary" value="/home/vedic/Desktop/desktop/LibraryInfSystem/build/test/classes/mainlibrary/TransBookDaoTest.class" />
    <property name="jdkBug6558476" value="false" />
    <property name="java.failonerror" value="true" />
    <property name="http.nonProxyHosts" value="localhost|127.0.0.0/8|::1" />
    <property name="libs.junit_4.javadoc" value="" />
    <property name="javac.includes" value="mainlibrary/TransBookDaoTest.java" />
    <property name="netbeans.autoupdate.country" value="IN" />
    <property name="libs.beans-binding.maven-pom" value="" />
    <property name="do.mkdist" value="true" />
    <property name="javadoc.encoding" value="UTF-8" />
    <property name="java.awt.printerjob" value="sun.print.PSPrinterJob" />
    <property name="ap.processors.internal" value="" />
    <property name="do.archive" value="true" />
    <property name="dist.jar" value="dist/DBMSLIb.jar" />
    <property name="meta.inf.dir" value="src/META-INF" />
    <property name="ant.version" value="Apache Ant(TM) version 1.9.6 compiled on July 8 2015" />
    <property name="netbeans.home" value="/usr/share/netbeans/8.1/platform" />
    <property name="javadoc.nonavbar" value="false" />
    <property name="libs.jpa20-persistence.src" value="" />
    <property name="user.properties.file" value="/home/vedic/.netbeans/8.1/build.properties" />
    <property name="libs.JWSAntTasks.classpath" value="/usr/share/netbeans/8.1/java/ant/extra/org-netbeans-modules-javawebstart-anttasks.jar" />
    <property name="netbeans.importclass" value="org.netbeans.upgrade.AutoUpgrade" />
    <property name="javac.external.vm" value="true" />
    <property name="https.proxyPort" value="8080" />
    <property name="libs.CopyLibs.maven-pom" value="" />
    <property name="annotation.processing.source.output" value="build/generated-sources/ap-source-output" />
    <property name="build.generated.dir" value="build/generated" />
    <property name="netbeans.home+have.tests" value="true" />
    <property name="libs.eclipselink.maven-pom" value="" />
    <property name="apple.awt.graphics.UseQuartz" value="true" />
    <property name="os.name" value="Linux" />
    <property name="java.specification.vendor" value="Oracle Corporation" />
    <property name="run.test.classpath" value="../../Desktop/new/mysql-connector-java-5.1.40/mysql-connector-java-5.1.40-bin.jar:/home/bikash/Desktop/Programs/DBMS/PROJECTDBMS/mysql-connector-java-5.1.40/mysql-connector-java-5.1.40-bin.jar:MySQL Connector/mysql-connector-java-5.1.40-bin.jar:build/classes:/usr/share/netbeans/8.1/platform/modules/ext/junit-4.12.jar:/usr/share/netbeans/8.1/platform/modules/ext/hamcrest-core-1.3.jar:build/test/classes" />
    <property name="do.archive+main.class.available" value="true" />
    <property name="java.vm.name" value="OpenJDK 64-Bit Server VM" />
    <property name="libs.CopyLibs.src" value="" />
    <property name="org.openide.version" value="deprecated" />
    <property name="sun.awt.enableExtraMouseButtons" value="true" />
    <property name="libs.beans-binding.src" value="" />
    <property name="ap.supported.internal" value="true" />
    <property name="java.library.path" value="/usr/lib/jvm/java-8-openjdk-amd64/bin/../jre/lib/amd64:/usr/lib/jvm/java-8-openjdk-amd64/bin/../jre/lib/i386::/usr/java/packages/lib/amd64:/usr/lib/x86_64-linux-gnu/jni:/lib/x86_64-linux-gnu:/usr/lib/x86_64-linux-gnu:/usr/lib/jni:/lib:/usr/lib" />
    <property name="libs.PostgreSQLDriver.javadoc" value="" />
    <property name="libs.eclipselinkmodelgen.maven-pom" value="" />
    <property name="ant.java.version" value="1.8" />
    <property name="libs.hamcrest.javadoc" value="" />
    <property name="javadoc.noindex" value="false" />
    <property name="basedir" value="/home/vedic/Desktop/desktop/LibraryInfSystem" />
    <property name="java.class.version" value="52.0" />
    <property name="jna.boot.library.name" value="jnidispatch" />
    <property name="javac.test.classpath" value="../../Desktop/new/mysql-connector-java-5.1.40/mysql-connector-java-5.1.40-bin.jar:/home/bikash/Desktop/Programs/DBMS/PROJECTDBMS/mysql-connector-java-5.1.40/mysql-connector-java-5.1.40-bin.jar:MySQL Connector/mysql-connector-java-5.1.40-bin.jar:build/classes:/usr/share/netbeans/8.1/platform/modules/ext/junit-4.12.jar:/usr/share/netbeans/8.1/platform/modules/ext/hamcrest-core-1.3.jar" />
    <property name="javac.processorpath" value="../../Desktop/new/mysql-connector-java-5.1.40/mysql-connector-java-5.1.40-bin.jar:/home/bikash/Desktop/Programs/DBMS/PROJECTDBMS/mysql-connector-java-5.1.40/mysql-connector-java-5.1.40-bin.jar:MySQL Connector/mysql-connector-java-5.1.40-bin.jar" />
    <property name="ant.home" value="/usr/share/netbeans/8.1/java/ant" />
    <property name="javadoc.splitindex" value="true" />
    <property name="javac.test.processorpath" value="../../Desktop/new/mysql-connector-java-5.1.40/mysql-connector-java-5.1.40-bin.jar:/home/bikash/Desktop/Programs/DBMS/PROJECTDBMS/mysql-connector-java-5.1.40/mysql-connector-java-5.1.40-bin.jar:MySQL Connector/mysql-connector-java-5.1.40-bin.jar:build/classes:/usr/share/netbeans/8.1/platform/modules/ext/junit-4.12.jar:/usr/share/netbeans/8.1/platform/modules/ext/hamcrest-core-1.3.jar" />
    <property name="libs.javac-api.javadoc" value="" />
    <property name="javadoc.preview" value="true" />
    <property name="libs.MySQLDriver.maven-pom" value="" />
    <property name="copylibs.rebase" value="true" />
    <property name="libs.CopyLibs.javadoc" value="" />
    <property name="libs.PostgreSQLDriver.classpath" value="/usr/share/netbeans/8.1/ide/modules/ext/postgresql-9.2-1002.jdbc4.jar" />
    <property name="junit.forkmode" value="perTest" />
    <property name="libs.junit_4.classpath" value="/usr/share/netbeans/8.1/platform/modules/ext/junit-4.12.jar" />
    <property name="test.binarytestincludes" value="" />
    <property name="build.dir" value="build" />
    <property name="dist.archive.excludes" value="" />
    <property name="sun.boot.library.path" value="/usr/lib/jvm/java-8-openjdk-amd64/jre/lib/amd64" />
    <property name="sun.management.compiler" value="HotSpot 64-Bit Tiered Compilers" />
    <property name="java.awt.graphicsenv" value="sun.awt.X11GraphicsEnvironment" />
    <property name="libs.testng.classpath" value="/usr/share/netbeans/8.1/platform/modules/ext/testng-6.8.1-dist.jar" />
    <property name="libs.jpa20-persistence.javadoc" value="" />
    <property name="javadoc.encoding.used" value="UTF-8" />
    <property name="libs.testng.javadoc" value="" />
    <property name="javadoc.windowtitle" value="" />
    <property name="http.proxyPort" value="8080" />
    <property name="libs.hamcrest.classpath" value="/usr/share/netbeans/8.1/platform/modules/ext/hamcrest-core-1.3.jar" />
    <property name="netbeans.productversion" value="NetBeans IDE 8.1 (Build 20151231-debian-8.1)" />
    <property name="run.jvmargs.ide" value="" />
    <property name="libs.JAXB-ENDORSED.maven-pom" value="" />
    <property name="annotation.processing.enabled" value="true" />
    <property name="https.proxyHost" value="172.16.2.30" />
    <property name="run.jvmargs" value="" />
    <property name="nb.junit.single" value="false" />
    <property name="build.generated.sources.dir" value="build/generated-sources" />
    <property name="build.compiler.emacs" value="true" />
    <property name="ant.project.name" value="DBMSLIb" />
    <property name="libs.swing-layout.classpath" value="/usr/share/netbeans/8.1/platform/modules/ext/swing-layout-1.0.4.jar" />
    <property name="java.vm.specification.version" value="1.8" />
    <property name="work.dir" value="/home/vedic/Desktop/desktop/LibraryInfSystem" />
    <property name="awt.toolkit" value="sun.awt.X11.XToolkit" />
    <property name="javadoc.use" value="true" />
    <property name="ant.file.DBMSLIb-impl" value="/home/vedic/Desktop/desktop/LibraryInfSystem/nbproject/build-impl.xml" />
    <property name="sun.cpu.isalist" value="" />
    <property name="java.ext.dirs" value="/usr/lib/jvm/java-8-openjdk-amd64/jre/lib/ext:/usr/java/packages/lib/ext" />
    <property name="netbeans.default_userdir_root" value="/home/vedic/.netbeans" />
    <property name="os.version" value="4.13.0-37-generic" />
    <property name="excludes" value="" />
    <property name="user.home" value="/home/vedic" />
    <property name="org.xml.sax.driver" value="com.sun.org.apache.xerces.internal.jaxp.SAXParserImpl$JAXPSAXParser" />
    <property name="test.class" value="mainlibrary.TransBookDaoTest" />
    <property name="java.vm.vendor" value="Oracle Corporation" />
    <property name="libs.absolutelayout.maven-pom" value="" />
    <property name="user.dir" value="/home/vedic/Desktop/desktop/LibraryInfSystem" />
    <property name="debug-transport" value="dt_socket" />
    <property name="application.args" value="" />
    <property name="sun.cpu.endian" value="little" />
    <property name="javac.includesfile.binary" value="/home/vedic/Desktop/desktop/LibraryInfSystem/null1165921843" />
    <property name="ignore.failing.tests" value="true" />
    <property name="libs.eclipselinkmodelgen.javadoc" value="" />
    <property name="endorsed.classpath.cmd.line.arg" value="" />
    <property name="jar.index" value="false" />
    <property name="libs.MySQLDriver.src" value="" />
    <property name="java.vm.version" value="25.151-b12" />
    <property name="test.binaryincludes" value="&lt;nothing&gt;" />
    <property name="annotation.processing.processor.options" value="" />
    <property name="java.class.path" value="/home/vedic/Desktop/desktop/LibraryInfSystem/MySQL Connector/mysql-connector-java-5.1.40-bin.jar:/home/vedic/Desktop/desktop/LibraryInfSystem/build/classes:/usr/share/netbeans/8.1/platform/modules/ext/junit-4.12.jar:/usr/share/netbeans/8.1/platform/modules/ext/hamcrest-core-1.3.jar:/home/vedic/Desktop/desktop/LibraryInfSystem/build/test/classes:/usr/share/netbeans/8.1/java/ant/lib/junit.jar:/usr/share/netbeans/8.1/java/ant/lib/ant-launcher.jar:/usr/share/netbeans/8.1/java/ant/lib/ant.jar:/usr/share/netbeans/8.1/java/ant/lib/ant-junit.jar:/usr/share/netbeans/8.1/java/ant/lib/ant-junit4.jar" />
    <property name="nb.internal.action.name" value="test.single" />
    <property name="os.arch" value="amd64" />
    <property name="javac.deprecation" value="false" />
    <property name="http.proxyHost" value="172.16.2.30" />
    <property name="libs.jpa20-persistence.maven-pom" value="" />
    <property name="build.classes.excludes" value="**/*.java,**/*.form" />
    <property name="dist.dir" value="dist" />
    <property name="debug.classpath" value="../../Desktop/new/mysql-connector-java-5.1.40/mysql-connector-java-5.1.40-bin.jar:/home/bikash/Desktop/Programs/DBMS/PROJECTDBMS/mysql-connector-java-5.1.40/mysql-connector-java-5.1.40-bin.jar:MySQL Connector/mysql-connector-java-5.1.40-bin.jar:build/classes" />
    <property name="netbeans.user" value="/home/vedic/.netbeans/8.1" />
    <property name="sun.java.launcher" value="SUN_STANDARD" />
    <property name="jar.index.metainf" value="false" />
    <property name="platform.java" value="/usr/lib/jvm/java-8-openjdk-amd64/jre/bin/java" />
    <property name="annotation.processing.enabled.in.editor" value="false" />
    <property name="ant.core.lib" value="/usr/share/netbeans/8.1/java/ant/lib/ant.jar" />
    <property name="java.vm.specification.vendor" value="Oracle Corporation" />
    <property name="do.depend" value="false" />
    <property name="file.separator" value="/" />
    <property name="java.runtime.version" value="1.8.0_151-8u151-b12-0ubuntu0.16.04.2-b12" />
    <property name="sun.boot.class.path" value="/usr/lib/jvm/java-8-openjdk-amd64/jre/lib/resources.jar:/usr/lib/jvm/java-8-openjdk-amd64/jre/lib/rt.jar:/usr/lib/jvm/java-8-openjdk-amd64/jre/lib/sunrsasign.jar:/usr/lib/jvm/java-8-openjdk-amd64/jre/lib/jsse.jar:/usr/lib/jvm/java-8-openjdk-amd64/jre/lib/jce.jar:/usr/lib/jvm/java-8-openjdk-amd64/jre/lib/charsets.jar:/usr/lib/jvm/java-8-openjdk-amd64/jre/lib/jfr.jar:/usr/lib/jvm/java-8-openjdk-amd64/jre/classes" />
    <property name="debug.test.classpath" value="../../Desktop/new/mysql-connector-java-5.1.40/mysql-connector-java-5.1.40-bin.jar:/home/bikash/Desktop/Programs/DBMS/PROJECTDBMS/mysql-connector-java-5.1.40/mysql-connector-java-5.1.40-bin.jar:MySQL Connector/mysql-connector-java-5.1.40-bin.jar:build/classes:/usr/share/netbeans/8.1/platform/modules/ext/junit-4.12.jar:/usr/share/netbeans/8.1/platform/modules/ext/hamcrest-core-1.3.jar:build/test/classes" />
    <property name="nb.junit.batch" value="true" />
    <property name="libs.beans-binding.classpath" value="/usr/share/netbeans/8.1/java/modules/ext/beansbinding-1.2.1.jar" />
    <property name="have.tests" value="true" />
    <property name="main.class" value="mainlibrary.MainLibrary" />
    <property name="test.includes" value="mainlibrary/TransBookDaoTest.java" />
    <property name="libs.JWSAntTasks.maven-pom" value="" />
    <property name="java.util.logging.config.class" value="org.netbeans.core.startup.TopLogging" />
    <property name="libs.javac-api.classpath" value="/usr/share/netbeans/8.1/java/modules/ext/nb-javac-api.jar" />
    <property name="user.country" value="IN" />
    <property name="javadoc.notree" value="false" />
    <property name="javac.classpath" value="../../Desktop/new/mysql-connector-java-5.1.40/mysql-connector-java-5.1.40-bin.jar:/home/bikash/Desktop/Programs/DBMS/PROJECTDBMS/mysql-connector-java-5.1.40/mysql-connector-java-5.1.40-bin.jar:MySQL Connector/mysql-connector-java-5.1.40-bin.jar" />
    <property name="default.javac.target" value="1.8" />
    <property name="javadoc.additionalparam" value="" />
    <property name="build.classes.dir" value="build/classes" />
    <property name="do.archive+manifest.available" value="true" />
    <property name="libs.swing-layout.javadoc" value="" />
    <property name="libs.swing-layout.src" value="" />
    <property name="javac.target" value="1.8" />
    <property name="java.vendor" value="Oracle Corporation" />
    <property name="org.openide.awt.ActionReference.completion" value="org.netbeans.modules.apisupport.project.layers.PathCompletions" />
    <property name="libs.eclipselink.classpath" value="/usr/share/netbeans/8.1/java/modules/ext/eclipselink/eclipselink.jar:/usr/share/netbeans/8.1/java/modules/ext/eclipselink/javax.persistence_2.1.0.v201304241213.jar:/usr/share/netbeans/8.1/java/modules/ext/eclipselink/org.eclipse.persistence.jpa.jpql_2.5.2.v20140319-9ad6abd.jar" />
    <property name="runtime.encoding" value="UTF-8" />
    <property name="java.specification.version" value="1.8" />
    <property name="libs.JWSAntTasks.javadoc" value="" />
    <property name="mkdist.disabled" value="false" />
    <property name="sun.arch.data.model" value="64" />
  </properties>
  <testcase classname="mainlibrary.TransBookDaoTest" name="testCheckIssuedBook" time="0.256" />
  <testcase classname="mainlibrary.TransBookDaoTest" name="testUserValidate2" time="0.006" />
  <testcase classname="mainlibrary.TransBookDaoTest" name="testCheckBook2" time="0.012">
    <failure message="expected:&lt;false&gt; but was:&lt;true&gt;" type="junit.framework.AssertionFailedError">junit.framework.AssertionFailedError: expected:&lt;false&gt; but was:&lt;true&gt;
	at mainlibrary.TransBookDaoTest.testCheckBook2(TransBookDaoTest.java:159)
</failure>
  </testcase>
  <testcase classname="mainlibrary.TransBookDaoTest" name="testUpdatebook2" time="0.005" />
  <testcase classname="mainlibrary.TransBookDaoTest" name="testCheck" time="0.006" />
  <testcase classname="mainlibrary.TransBookDaoTest" name="testUserValidate" time="0.007" />
  <testcase classname="mainlibrary.TransBookDaoTest" name="testUpdatebook" time="0.005" />
  <testcase classname="mainlibrary.TransBookDaoTest" name="testCheckIssuedBook2" time="0.007" />
  <testcase classname="mainlibrary.TransBookDaoTest" name="testBookValidate2" time="0.004" />
  <testcase classname="mainlibrary.TransBookDaoTest" name="testReturnBook" time="0.004" />
  <testcase classname="mainlibrary.TransBookDaoTest" name="testIssueBook2" time="0.006" />
  <testcase classname="mainlibrary.TransBookDaoTest" name="testIssueBook" time="0.008" />
  <testcase classname="mainlibrary.TransBookDaoTest" name="testCheckBook" time="0.033" />
  <testcase classname="mainlibrary.TransBookDaoTest" name="testCheck2" time="0.004" />
  <testcase classname="mainlibrary.TransBookDaoTest" name="testBookValidate" time="0.003" />
  <testcase classname="mainlibrary.TransBookDaoTest" name="testReturnBook2" time="0.005" />
  <system-out><![CDATA[CheckIssuedBook
UserValidate2
checkBook2
updatebook2
com.mysql.jdbc.exceptions.jdbc4.MySQLSyntaxErrorException: Table 'library.books' doesn't exist
Check
java.sql.SQLException: Parameter index out of range (2 > number of parameters, which is 1).
UserValidate
updatebook
com.mysql.jdbc.exceptions.jdbc4.MySQLSyntaxErrorException: Table 'library.books' doesn't exist
CheckIssuedBook2
BookValidate2
ReturnBook
IssueBook2
com.mysql.jdbc.MysqlDataTruncation: Data truncation: Incorrect date value: '' for column 'IssueDate' at row 1
IssueBook
com.mysql.jdbc.MysqlDataTruncation: Data truncation: Incorrect date value: '' for column 'IssueDate' at row 1
checkBook
Check2
java.sql.SQLException: Parameter index out of range (2 > number of parameters, which is 1).
BookValidate
ReturnBook2
]]></system-out>
  <system-err><![CDATA[Fri Apr 06 15:36:12 IST 2018 WARN: Establishing SSL connection without server's identity verification is not recommended. According to MySQL 5.5.45+, 5.6.26+ and 5.7.6+ requirements SSL connection must be established by default if explicit option isn't set. For compliance with existing applications not using SSL the verifyServerCertificate property is set to 'false'. You need either to explicitly disable SSL by setting useSSL=false, or set useSSL=true and provide truststore for server certificate verification.
Fri Apr 06 15:36:12 IST 2018 WARN: Establishing SSL connection without server's identity verification is not recommended. According to MySQL 5.5.45+, 5.6.26+ and 5.7.6+ requirements SSL connection must be established by default if explicit option isn't set. For compliance with existing applications not using SSL the verifyServerCertificate property is set to 'false'. You need either to explicitly disable SSL by setting useSSL=false, or set useSSL=true and provide truststore for server certificate verification.
Fri Apr 06 15:36:12 IST 2018 WARN: Establishing SSL connection without server's identity verification is not recommended. According to MySQL 5.5.45+, 5.6.26+ and 5.7.6+ requirements SSL connection must be established by default if explicit option isn't set. For compliance with existing applications not using SSL the verifyServerCertificate property is set to 'false'. You need either to explicitly disable SSL by setting useSSL=false, or set useSSL=true and provide truststore for server certificate verification.
Fri Apr 06 15:36:12 IST 2018 WARN: Establishing SSL connection without server's identity verification is not recommended. According to MySQL 5.5.45+, 5.6.26+ and 5.7.6+ requirements SSL connection must be established by default if explicit option isn't set. For compliance with existing applications not using SSL the verifyServerCertificate property is set to 'false'. You need either to explicitly disable SSL by setting useSSL=false, or set useSSL=true and provide truststore for server certificate verification.
Fri Apr 06 15:36:12 IST 2018 WARN: Establishing SSL connection without server's identity verification is not recommended. According to MySQL 5.5.45+, 5.6.26+ and 5.7.6+ requirements SSL connection must be established by default if explicit option isn't set. For compliance with existing applications not using SSL the verifyServerCertificate property is set to 'false'. You need either to explicitly disable SSL by setting useSSL=false, or set useSSL=true and provide truststore for server certificate verification.
Fri Apr 06 15:36:12 IST 2018 WARN: Establishing SSL connection without server's identity verification is not recommended. According to MySQL 5.5.45+, 5.6.26+ and 5.7.6+ requirements SSL connection must be established by default if explicit option isn't set. For compliance with existing applications not using SSL the verifyServerCertificate property is set to 'false'. You need either to explicitly disable SSL by setting useSSL=false, or set useSSL=true and provide truststore for server certificate verification.
Fri Apr 06 15:36:12 IST 2018 WARN: Establishing SSL connection without server's identity verification is not recommended. According to MySQL 5.5.45+, 5.6.26+ and 5.7.6+ requirements SSL connection must be established by default if explicit option isn't set. For compliance with existing applications not using SSL the verifyServerCertificate property is set to 'false'. You need either to explicitly disable SSL by setting useSSL=false, or set useSSL=true and provide truststore for server certificate verification.
Fri Apr 06 15:36:12 IST 2018 WARN: Establishing SSL connection without server's identity verification is not recommended. According to MySQL 5.5.45+, 5.6.26+ and 5.7.6+ requirements SSL connection must be established by default if explicit option isn't set. For compliance with existing applications not using SSL the verifyServerCertificate property is set to 'false'. You need either to explicitly disable SSL by setting useSSL=false, or set useSSL=true and provide truststore for server certificate verification.
Fri Apr 06 15:36:12 IST 2018 WARN: Establishing SSL connection without server's identity verification is not recommended. According to MySQL 5.5.45+, 5.6.26+ and 5.7.6+ requirements SSL connection must be established by default if explicit option isn't set. For compliance with existing applications not using SSL the verifyServerCertificate property is set to 'false'. You need either to explicitly disable SSL by setting useSSL=false, or set useSSL=true and provide truststore for server certificate verification.
Fri Apr 06 15:36:12 IST 2018 WARN: Establishing SSL connection without server's identity verification is not recommended. According to MySQL 5.5.45+, 5.6.26+ and 5.7.6+ requirements SSL connection must be established by default if explicit option isn't set. For compliance with existing applications not using SSL the verifyServerCertificate property is set to 'false'. You need either to explicitly disable SSL by setting useSSL=false, or set useSSL=true and provide truststore for server certificate verification.
Fri Apr 06 15:36:12 IST 2018 WARN: Establishing SSL connection without server's identity verification is not recommended. According to MySQL 5.5.45+, 5.6.26+ and 5.7.6+ requirements SSL connection must be established by default if explicit option isn't set. For compliance with existing applications not using SSL the verifyServerCertificate property is set to 'false'. You need either to explicitly disable SSL by setting useSSL=false, or set useSSL=true and provide truststore for server certificate verification.
Fri Apr 06 15:36:12 IST 2018 WARN: Establishing SSL connection without server's identity verification is not recommended. According to MySQL 5.5.45+, 5.6.26+ and 5.7.6+ requirements SSL connection must be established by default if explicit option isn't set. For compliance with existing applications not using SSL the verifyServerCertificate property is set to 'false'. You need either to explicitly disable SSL by setting useSSL=false, or set useSSL=true and provide truststore for server certificate verification.
Fri Apr 06 15:36:12 IST 2018 WARN: Establishing SSL connection without server's identity verification is not recommended. According to MySQL 5.5.45+, 5.6.26+ and 5.7.6+ requirements SSL connection must be established by default if explicit option isn't set. For compliance with existing applications not using SSL the verifyServerCertificate property is set to 'false'. You need either to explicitly disable SSL by setting useSSL=false, or set useSSL=true and provide truststore for server certificate verification.
Fri Apr 06 15:36:12 IST 2018 WARN: Establishing SSL connection without server's identity verification is not recommended. According to MySQL 5.5.45+, 5.6.26+ and 5.7.6+ requirements SSL connection must be established by default if explicit option isn't set. For compliance with existing applications not using SSL the verifyServerCertificate property is set to 'false'. You need either to explicitly disable SSL by setting useSSL=false, or set useSSL=true and provide truststore for server certificate verification.
Fri Apr 06 15:36:12 IST 2018 WARN: Establishing SSL connection without server's identity verification is not recommended. According to MySQL 5.5.45+, 5.6.26+ and 5.7.6+ requirements SSL connection must be established by default if explicit option isn't set. For compliance with existing applications not using SSL the verifyServerCertificate property is set to 'false'. You need either to explicitly disable SSL by setting useSSL=false, or set useSSL=true and provide truststore for server certificate verification.
Fri Apr 06 15:36:12 IST 2018 WARN: Establishing SSL connection without server's identity verification is not recommended. According to MySQL 5.5.45+, 5.6.26+ and 5.7.6+ requirements SSL connection must be established by default if explicit option isn't set. For compliance with existing applications not using SSL the verifyServerCertificate property is set to 'false'. You need either to explicitly disable SSL by setting useSSL=false, or set useSSL=true and provide truststore for server certificate verification.
]]></system-err>
</testsuite>
